\BOOKMARK [0][-]{chapter.1}{Introduction}{}% 1
\BOOKMARK [1][-]{section.1.1}{Pricing Financial Derivatives}{chapter.1}% 2
\BOOKMARK [2][-]{subsection.1.1.1}{The Risk Neutral Approach}{section.1.1}% 3
\BOOKMARK [2][-]{subsection.1.1.2}{Solving Financial Partial Differential Equations}{section.1.1}% 4
\BOOKMARK [1][-]{section.1.2}{Finite Difference Methods}{chapter.1}% 5
\BOOKMARK [2][-]{subsection.1.2.1}{Explicit Method}{section.1.2}% 6
\BOOKMARK [2][-]{subsection.1.2.2}{Crank-Nicholson Method}{section.1.2}% 7
\BOOKMARK [2][-]{subsection.1.2.3}{Rannacher Trick}{section.1.2}% 8
\BOOKMARK [2][-]{subsection.1.2.4}{Alternating Direction Implicit Method}{section.1.2}% 9
\BOOKMARK [1][-]{section.1.3}{Optimizations}{chapter.1}% 10
\BOOKMARK [2][-]{subsection.1.3.1}{Compilers}{section.1.3}% 11
\BOOKMARK [2][-]{subsection.1.3.2}{32 bit and 64 bit}{section.1.3}% 12
\BOOKMARK [2][-]{subsection.1.3.3}{Optimization Switches}{section.1.3}% 13
\BOOKMARK [2][-]{subsection.1.3.4}{Tridiagonal Solvers}{section.1.3}% 14
\BOOKMARK [2][-]{subsection.1.3.5}{Threading}{section.1.3}% 15
\BOOKMARK [2][-]{subsection.1.3.6}{OpenMP}{section.1.3}% 16
\BOOKMARK [2][-]{subsection.1.3.7}{AVX and Intrinsics}{section.1.3}% 17
\BOOKMARK [2][-]{subsection.1.3.8}{GPGPU}{section.1.3}% 18
\BOOKMARK [2][-]{subsection.1.3.9}{Cloud Applications}{section.1.3}% 19
\BOOKMARK [0][-]{chapter.2}{Optimizing Solvers}{}% 20
\BOOKMARK [1][-]{section.2.1}{Heat Equation}{chapter.2}% 21
\BOOKMARK [2][-]{subsection.2.1.1}{Analytical Solution of Heat Equation}{section.2.1}% 22
\BOOKMARK [1][-]{section.2.2}{Black-Scholes}{chapter.2}% 23
\BOOKMARK [2][-]{subsection.2.2.1}{Analytical Solution}{section.2.2}% 24
\BOOKMARK [1][-]{section.2.3}{2 Dimensional Heat Equation Base Case}{chapter.2}% 25
\BOOKMARK [1][-]{section.2.4}{Timing the Code}{chapter.2}% 26
\BOOKMARK [2][-]{subsection.2.4.1}{Windows API}{section.2.4}% 27
\BOOKMARK [2][-]{subsection.2.4.2}{Chrono Library}{section.2.4}% 28
\BOOKMARK [1][-]{section.2.5}{Optimization Experiments}{chapter.2}% 29
\BOOKMARK [2][-]{subsection.2.5.1}{Compilers and Solution Platforms}{section.2.5}% 30
\BOOKMARK [2][-]{subsection.2.5.2}{Thomas Algorithm and Cyclic Reduction}{section.2.5}% 31
\BOOKMARK [0][-]{chapter.3}{Conclusions}{}% 32
\BOOKMARK [0][-]{appendix.A}{Implementation of the FiniteDifferenceMethod class}{}% 33
\BOOKMARK [0][-]{appendix.B}{shorter running title}{}% 34
