\BOOKMARK [0][-]{chapter.1}{Introduction}{}% 1
\BOOKMARK [1][-]{section.1.1}{Motivation of the Project}{chapter.1}% 2
\BOOKMARK [0][-]{chapter.2}{Pricing Financial Derivatives}{}% 3
\BOOKMARK [1][-]{section.2.1}{The Risk Neutral Approach}{chapter.2}% 4
\BOOKMARK [2][-]{subsection.2.1.1}{Black-Scholes Partial Differential Equation}{section.2.1}% 5
\BOOKMARK [2][-]{subsection.2.1.2}{Derivation of the Black-Scholes Equation}{section.2.1}% 6
\BOOKMARK [1][-]{section.2.2}{Partial Differential Equations}{chapter.2}% 7
\BOOKMARK [2][-]{subsection.2.2.1}{Heat Equation}{section.2.2}% 8
\BOOKMARK [2][-]{subsection.2.2.2}{Two Dimensional Heat Equation}{section.2.2}% 9
\BOOKMARK [1][-]{section.2.3}{Finite Difference Methods}{chapter.2}% 10
\BOOKMARK [2][-]{subsection.2.3.1}{Discretization}{section.2.3}% 11
\BOOKMARK [2][-]{subsection.2.3.2}{Explicit Method}{section.2.3}% 12
\BOOKMARK [2][-]{subsection.2.3.3}{Crank-Nicholson Method}{section.2.3}% 13
\BOOKMARK [2][-]{subsection.2.3.4}{Alternating Direction Implicit Method}{section.2.3}% 14
\BOOKMARK [0][-]{chapter.3}{Optimizing Solvers}{}% 15
\BOOKMARK [1][-]{section.3.1}{Solution Platforms}{chapter.3}% 16
\BOOKMARK [1][-]{section.3.2}{Compilers}{chapter.3}% 17
\BOOKMARK [1][-]{section.3.3}{Visual Studio Optimization Switches}{chapter.3}% 18
\BOOKMARK [1][-]{section.3.4}{Tridiagonal Solvers}{chapter.3}% 19
\BOOKMARK [2][-]{subsection.3.4.1}{Thomas Algorithm}{section.3.4}% 20
\BOOKMARK [2][-]{subsection.3.4.2}{Intel Math Kernel Library}{section.3.4}% 21
\BOOKMARK [2][-]{subsection.3.4.3}{Cyclic Reduction}{section.3.4}% 22
\BOOKMARK [1][-]{section.3.5}{Open Multi-Processing}{chapter.3}% 23
\BOOKMARK [1][-]{section.3.6}{Timing the Code}{chapter.3}% 24
\BOOKMARK [2][-]{subsection.3.6.1}{Windows Application Programming Interface}{section.3.6}% 25
\BOOKMARK [2][-]{subsection.3.6.2}{Chrono Library}{section.3.6}% 26
\BOOKMARK [1][-]{section.3.7}{Comparison of Optimizations}{chapter.3}% 27
\BOOKMARK [2][-]{subsection.3.7.1}{Optimal Grid Size}{section.3.7}% 28
\BOOKMARK [2][-]{subsection.3.7.2}{Base Case}{section.3.7}% 29
\BOOKMARK [2][-]{subsection.3.7.3}{Visual Studio Optimizations}{section.3.7}% 30
\BOOKMARK [2][-]{subsection.3.7.4}{Cyclic Reduction with OpenMP}{section.3.7}% 31
\BOOKMARK [0][-]{chapter.4}{Conclusion}{}% 32
\BOOKMARK [0][-]{appendix.A}{Usage of chrono class}{}% 33
\BOOKMARK [0][-]{appendix.B}{Implementation of the PDE class}{}% 34
\BOOKMARK [0][-]{appendix.C}{Implementation of the FiniteDifferenceMethod class}{}% 35
